make --dry-run --always-make --keep-going --print-directory
make: Entering directory '/home/emil/Documents/GitHub/kubo'
 
go: downloading github.com/multiformats/go-multiaddr v0.5.0

go: downloading go.uber.org/dig v1.14.0
go: downloading go.uber.org/fx v1.16.0
go: downloading github.com/ipld/go-codec-dagpb v1.4.0
go: downloading github.com/uss2022sayahi/go-bitswap v0.7.0

echo 'DEPENDENCY TARGETS:'
echo ''
echo '  deps                 - Download dependencies using bundled gx'
 
echo '  test_sharness_deps   - Download and build dependencies for sharness'
echo ''
echo 'BUILD TARGETS:'
echo ''
echo '  all          - print this help message'
echo '  build        - Build binary at ./cmd/ipfs/ipfs'
echo '  nofuse       - Build binary with no fuse support'
echo '  install      - Build binary and install into $GOPATH/bin'
echo ''
echo 'CLEANING TARGETS:'
echo ''
echo '  clean        - Remove files generated by build'
echo '  distclean    - Remove files that are no part of a repository'
echo '  uninstall    - Remove binary from $GOPATH/bin'
echo ''
echo 'TESTING TARGETS:'
echo ''
echo '  test                    - Run all tests'
echo '  test_short              - Run short go tests and short sharness tests'
echo '  test_go_short           - Run short go tests'
echo '  test_go_test            - Run all go tests'
echo '  test_go_expensive       - Run all go tests and compile on all platforms'
echo '  test_go_race            - Run go tests with the race detector enabled'
echo '  test_go_lint            - Run the `golangci-lint` vetting tool'
echo '  test_sharness_short     - Run short sharness tests'
echo '  test_sharness_expensive - Run all sharness tests'
echo '  coverage     - Collects coverage info from unit tests and sharness'
echo
make: Leaving directory '/home/emil/Documents/GitHub/kubo'
 
